<?xml version="1.0" encoding="UTF-8"?>
<!-- Generated by org.testng.reporters.JUnitReportReporter -->
<testsuite hostname="DESKTOP-0O2DTVI" failures="0" tests="1" name="webTestCases.AddOfflinePoints" time="6.028" errors="0" timestamp="2021-06-19T21:36:46 EET" skipped="0">
  <testcase classname="webTestCases.AddOfflinePoints" name="CheckAddOfflinePoints" time="6.028"/>
  <system-out/>
</testsuite> <!-- webTestCases.AddOfflinePoints -->
