<?xml version="1.0" encoding="UTF-8"?>
<!-- Generated by org.testng.reporters.JUnitReportReporter -->
<testsuite hostname="DESKTOP-0O2DTVI" failures="0" tests="1" name="koinz.order.PickupWithOnlyGigt" time="39.853" errors="0" timestamp="2021-06-12T16:06:53 EET" skipped="0">
  <testcase classname="koinz.order.PickupWithOnlyGigt" name="CreateOrder" time="39.853"/>
  <system-out/>
</testsuite> <!-- koinz.order.PickupWithOnlyGigt -->
