<?xml version="1.0" encoding="UTF-8"?>
<!-- Generated by org.testng.reporters.JUnitReportReporter -->
<testsuite hostname="DESKTOP-0O2DTVI" failures="0" tests="1" name="koinz.order.PickupWithGiftAndItem" time="34.387" errors="0" timestamp="2021-06-12T20:58:32 EET" skipped="0">
  <testcase classname="koinz.order.PickupWithGiftAndItem" name="CreateOrder" time="34.387"/>
  <system-out/>
</testsuite> <!-- koinz.order.PickupWithGiftAndItem -->
