<?xml version="1.0" encoding="UTF-8"?>
<!-- Generated by org.testng.reporters.JUnitReportReporter -->
<testsuite hostname="DESKTOP-0O2DTVI" failures="0" tests="1" name="testCases.Admin.TestBase" time="0.000" errors="0" timestamp="2021-06-08T18:17:19 EET" skipped="1">
  <testcase classname="testCases.Admin.TestBase" name="CompletedOrder" time="0.000">
    <skipped/>
  </testcase> <!-- CompletedOrder -->
  <system-out/>
</testsuite> <!-- testCases.Admin.TestBase -->
