<?xml version="1.0" encoding="UTF-8"?>
<!-- Generated by org.testng.reporters.JUnitReportReporter -->
<testsuite hostname="DESKTOP-0O2DTVI" failures="0" tests="1" name="appTestCases.PickupWithPromo" time="43.285" errors="0" timestamp="2021-06-19T13:18:33 EET" skipped="0">
  <testcase classname="appTestCases.PickupWithPromo" name="CreateOrder" time="43.285"/>
  <system-out/>
</testsuite> <!-- appTestCases.PickupWithPromo -->
