<?xml version="1.0" encoding="UTF-8"?>
<!-- Generated by org.testng.reporters.JUnitReportReporter -->
<testsuite hostname="LAPTOP-232HKAMT" failures="0" tests="1" name="koinz.order.AppTest" time="18.961" errors="0" timestamp="2021-04-26T12:41:31 EET" skipped="0">
  <testcase classname="koinz.order.AppTest" name="createOrder" time="18.961"/>
  <system-out/>
</testsuite> <!-- koinz.order.AppTest -->
