<?xml version="1.0" encoding="UTF-8"?>
<!-- Generated by org.testng.reporters.JUnitReportReporter -->
<testsuite hostname="LAPTOP-232HKAMT" failures="0" tests="1" name="koinz.order.App" time="24.742" errors="0" timestamp="2021-05-05T14:02:56 EET" skipped="0">
  <testcase classname="koinz.order.App" name="CreateOrder" time="24.742"/>
  <system-out/>
</testsuite> <!-- koinz.order.App -->
