<?xml version="1.0" encoding="UTF-8"?>
<!-- Generated by org.testng.reporters.JUnitReportReporter -->
<testsuite hostname="DESKTOP-0O2DTVI" failures="0" tests="1" name="appTestCases.DeliveryWithOnlyItem" time="33.234" errors="0" timestamp="2021-06-19T15:59:49 EET" skipped="0">
  <testcase classname="appTestCases.DeliveryWithOnlyItem" name="CreateOrder" time="33.234"/>
  <system-out/>
</testsuite> <!-- appTestCases.DeliveryWithOnlyItem -->
